2021-08-20 12:12:52: case.setup starting 
 ---------------------------------------------------
2021-08-20 12:13:01: case.setup success 
 ---------------------------------------------------
2021-08-20 14:57:06: xmlchange success <command> ./xmlchange CLM_ACCELERATED_SPINUP=on  </command>
 ---------------------------------------------------
2021-08-20 14:57:06: xmlchange success <command> ./xmlchange CLM_FORCE_COLDSTART=on  </command>
 ---------------------------------------------------
2021-08-20 14:57:06: xmlchange success <command> ./xmlchange DATM_PRESAERO=clim_1850  </command>
 ---------------------------------------------------
2021-08-20 14:57:07: xmlchange success <command> ./xmlchange STOP_N=5,STOP_OPTION=nyears  </command>
 ---------------------------------------------------
2021-08-20 14:57:07: xmlchange success <command> ./xmlchange RUN_STARTDATE=0001-01-01  </command>
 ---------------------------------------------------
2021-08-20 14:57:07: xmlchange success <command> ./xmlchange CCSM_CO2_PPMV=284.7  </command>
 ---------------------------------------------------
2021-08-20 14:57:08: xmlchange success <command> ./xmlchange ATM_DOMAIN_FILE=domain.lnd.${CLM_USRDAT_NAME}_navy.nc  </command>
 ---------------------------------------------------
2021-08-20 14:57:08: xmlchange success <command> ./xmlchange ATM_DOMAIN_PATH=$DIN_LOC_ROOT/share/domains/domain.clm  </command>
 ---------------------------------------------------
2021-08-20 14:57:08: xmlchange success <command> ./xmlchange LND_DOMAIN_FILE=domain.lnd.${CLM_USRDAT_NAME}_navy.nc  </command>
 ---------------------------------------------------
2021-08-20 14:57:09: xmlchange success <command> ./xmlchange LND_DOMAIN_PATH=$DIN_LOC_ROOT/share/domains/domain.clm  </command>
 ---------------------------------------------------
2021-08-20 14:58:31: xmlchange success <command> ./xmlchange JOB_WALLCLOCK_TIME=1:00:00  </command>
 ---------------------------------------------------
2021-08-20 14:58:32: xmlchange success <command> ./xmlchange JOB_QUEUE=medium  </command>
 ---------------------------------------------------
2021-08-20 14:58:32: xmlchange success <command> ./xmlchange CLM_USRDAT_NAME=1x1pt_Jambi,DATM_MODE=CLM1PT,CLM_BLDNML_OPTS=-mask navy -bgc bgc  </command>
 ---------------------------------------------------
2021-08-20 14:58:32: xmlchange success <command> ./xmlchange CLM_ACCELERATED_SPINUP=on  </command>
 ---------------------------------------------------
2021-08-20 14:58:33: xmlchange success <command> ./xmlchange CLM_FORCE_COLDSTART=on  </command>
 ---------------------------------------------------
2021-08-20 14:58:33: xmlchange success <command> ./xmlchange DATM_PRESAERO=clim_1850  </command>
 ---------------------------------------------------
2021-08-20 14:58:33: xmlchange success <command> ./xmlchange STOP_N=5,STOP_OPTION=nyears  </command>
 ---------------------------------------------------
2021-08-20 14:58:34: xmlchange success <command> ./xmlchange RUN_STARTDATE=0001-01-01  </command>
 ---------------------------------------------------
2021-08-20 14:58:34: xmlchange success <command> ./xmlchange CCSM_CO2_PPMV=284.7  </command>
 ---------------------------------------------------
2021-08-20 14:58:34: xmlchange success <command> ./xmlchange ATM_DOMAIN_FILE=domain.lnd.${CLM_USRDAT_NAME}_navy.nc  </command>
 ---------------------------------------------------
2021-08-20 14:58:34: xmlchange success <command> ./xmlchange ATM_DOMAIN_PATH=$DIN_LOC_ROOT/share/domains/domain.clm  </command>
 ---------------------------------------------------
2021-08-20 14:58:35: xmlchange success <command> ./xmlchange LND_DOMAIN_FILE=domain.lnd.${CLM_USRDAT_NAME}_navy.nc  </command>
 ---------------------------------------------------
2021-08-20 14:58:35: xmlchange success <command> ./xmlchange LND_DOMAIN_PATH=$DIN_LOC_ROOT/share/domains/domain.clm  </command>
 ---------------------------------------------------
2021-08-20 15:11:08: case.setup starting 
 ---------------------------------------------------
2021-08-20 15:11:17: case.setup success 
 ---------------------------------------------------
2021-08-20 15:11:34: case.build starting 
 ---------------------------------------------------
2021-08-20 15:15:52: case.build error 
ERROR: BUILD FAIL: clm.buildlib failed, cat /usr/users/yfan1/cesm/exeroot/1x1pt_testcase3_clm-palm-ctsm1.0.dev040/bld/lnd.bldlog.210820-151135
 ---------------------------------------------------
2021-08-21 09:45:23: case.build starting 
 ---------------------------------------------------
2021-08-21 09:45:28: case.build error 
ERROR: /home/uni05/yfan1/clm_efforts_palm/cime/src/build_scripts/buildlib.mct FAILED, cat /usr/users/yfan1/cesm/exeroot/1x1pt_testcase3_clm-palm-ctsm1.0.dev040/bld/mct.bldlog.210821-094523
 ---------------------------------------------------
2021-08-21 09:45:54: build.clean starting 
 ---------------------------------------------------
2021-08-21 09:45:54: build.clean success 
 ---------------------------------------------------
2021-08-21 09:45:59: case.build starting 
 ---------------------------------------------------
2021-08-21 09:46:02: case.build error 
ERROR: /home/uni05/yfan1/clm_efforts_palm/cime/src/build_scripts/buildlib.mct FAILED, cat /usr/users/yfan1/cesm/exeroot/1x1pt_testcase3_clm-palm-ctsm1.0.dev040/bld/mct.bldlog.210821-094559
 ---------------------------------------------------
2021-08-21 09:46:07: build.clean starting 
 ---------------------------------------------------
2021-08-21 09:46:07: build.clean success 
 ---------------------------------------------------
2021-08-21 09:46:11: case.build starting 
 ---------------------------------------------------
2021-08-21 09:46:14: case.build error 
ERROR: /home/uni05/yfan1/clm_efforts_palm/cime/src/build_scripts/buildlib.gptl FAILED, cat /usr/users/yfan1/cesm/exeroot/1x1pt_testcase3_clm-palm-ctsm1.0.dev040/bld/gptl.bldlog.210821-094611
 ---------------------------------------------------
2021-08-21 09:47:09: case.build starting 
 ---------------------------------------------------
2021-08-21 09:51:07: case.build error 
ERROR: BUILD FAIL: clm.buildlib failed, cat /usr/users/yfan1/cesm/exeroot/1x1pt_testcase3_clm-palm-ctsm1.0.dev040/bld/lnd.bldlog.210821-094709
 ---------------------------------------------------
2021-08-21 09:54:17: case.build starting 
 ---------------------------------------------------
2021-08-21 09:54:26: case.build error 
ERROR: BUILD FAIL: clm.buildlib failed, cat /usr/users/yfan1/cesm/exeroot/1x1pt_testcase3_clm-palm-ctsm1.0.dev040/bld/lnd.bldlog.210821-095418
 ---------------------------------------------------
2021-08-21 10:09:37: case.build starting 
 ---------------------------------------------------
2021-08-21 10:09:45: case.build error 
ERROR: BUILD FAIL: clm.buildlib failed, cat /usr/users/yfan1/cesm/exeroot/1x1pt_testcase3_clm-palm-ctsm1.0.dev040/bld/lnd.bldlog.210821-100937
 ---------------------------------------------------
2021-08-21 10:32:40: case.build starting 
 ---------------------------------------------------
2021-08-21 10:32:54: case.build error 
ERROR: BUILD FAIL: clm.buildlib failed, cat /usr/users/yfan1/cesm/exeroot/1x1pt_testcase3_clm-palm-ctsm1.0.dev040/bld/lnd.bldlog.210821-103240
 ---------------------------------------------------
2021-08-21 12:23:59: case.build starting 
 ---------------------------------------------------
2021-08-21 12:24:15: case.build error 
ERROR: BUILD FAIL: clm.buildlib failed, cat /usr/users/yfan1/cesm/exeroot/1x1pt_testcase3_clm-palm-ctsm1.0.dev040/bld/lnd.bldlog.210821-122359
 ---------------------------------------------------
2021-08-21 13:09:06: case.build starting 
 ---------------------------------------------------
2021-08-21 13:09:17: case.build error 
ERROR: BUILD FAIL: clm.buildlib failed, cat /usr/users/yfan1/cesm/exeroot/1x1pt_testcase3_clm-palm-ctsm1.0.dev040/bld/lnd.bldlog.210821-130906
 ---------------------------------------------------
2021-08-21 13:15:06: case.build starting 
 ---------------------------------------------------
2021-08-21 13:15:11: case.build error 
ERROR: BUILD FAIL: clm.buildlib failed, cat /usr/users/yfan1/cesm/exeroot/1x1pt_testcase3_clm-palm-ctsm1.0.dev040/bld/lnd.bldlog.210821-131506
 ---------------------------------------------------
2021-08-21 13:16:54: case.build starting 
 ---------------------------------------------------
2021-08-21 13:16:59: case.build error 
ERROR: BUILD FAIL: clm.buildlib failed, cat /usr/users/yfan1/cesm/exeroot/1x1pt_testcase3_clm-palm-ctsm1.0.dev040/bld/lnd.bldlog.210821-131654
 ---------------------------------------------------
2021-08-22 11:57:07: case.build starting 
 ---------------------------------------------------
2021-08-22 11:57:13: case.build error 
ERROR: /home/uni05/yfan1/clm_efforts_palm/cime/src/build_scripts/buildlib.mct FAILED, cat /usr/users/yfan1/cesm/exeroot/1x1pt_testcase3_clm-palm-ctsm1.0.dev040/bld/mct.bldlog.210822-115707
 ---------------------------------------------------
2021-08-22 11:58:12: case.build starting 
 ---------------------------------------------------
2021-08-22 11:58:18: case.build error 
ERROR: BUILD FAIL: clm.buildlib failed, cat /usr/users/yfan1/cesm/exeroot/1x1pt_testcase3_clm-palm-ctsm1.0.dev040/bld/lnd.bldlog.210822-115812
 ---------------------------------------------------
2021-08-22 13:38:00: case.build starting 
 ---------------------------------------------------
2021-08-22 13:38:06: case.build error 
ERROR: BUILD FAIL: clm.buildlib failed, cat /usr/users/yfan1/cesm/exeroot/1x1pt_testcase3_clm-palm-ctsm1.0.dev040/bld/lnd.bldlog.210822-133800
 ---------------------------------------------------
2021-08-22 14:07:25: case.build starting 
 ---------------------------------------------------
2021-08-22 14:07:31: case.build error 
ERROR: BUILD FAIL: clm.buildlib failed, cat /usr/users/yfan1/cesm/exeroot/1x1pt_testcase3_clm-palm-ctsm1.0.dev040/bld/lnd.bldlog.210822-140725
 ---------------------------------------------------
2021-08-22 15:12:42: case.build starting 
 ---------------------------------------------------
2021-08-22 15:12:47: case.build error 
ERROR: BUILD FAIL: clm.buildlib failed, cat /usr/users/yfan1/cesm/exeroot/1x1pt_testcase3_clm-palm-ctsm1.0.dev040/bld/lnd.bldlog.210822-151242
 ---------------------------------------------------
2021-08-22 15:37:02: case.build starting 
 ---------------------------------------------------
2021-08-22 15:37:22: case.build error 
ERROR: BUILD FAIL: clm.buildlib failed, cat /usr/users/yfan1/cesm/exeroot/1x1pt_testcase3_clm-palm-ctsm1.0.dev040/bld/lnd.bldlog.210822-153702
 ---------------------------------------------------
2021-08-22 16:55:05: case.build starting 
 ---------------------------------------------------
2021-08-22 16:55:19: case.build error 
ERROR: BUILD FAIL: clm.buildlib failed, cat /usr/users/yfan1/cesm/exeroot/1x1pt_testcase3_clm-palm-ctsm1.0.dev040/bld/lnd.bldlog.210822-165505
 ---------------------------------------------------
2021-08-22 16:59:11: case.build starting 
 ---------------------------------------------------
2021-08-22 16:59:20: case.build error 
ERROR: BUILD FAIL: clm.buildlib failed, cat /usr/users/yfan1/cesm/exeroot/1x1pt_testcase3_clm-palm-ctsm1.0.dev040/bld/lnd.bldlog.210822-165911
 ---------------------------------------------------
2021-08-22 17:14:32: case.build starting 
 ---------------------------------------------------
2021-08-22 17:14:40: case.build error 
ERROR: BUILD FAIL: clm.buildlib failed, cat /usr/users/yfan1/cesm/exeroot/1x1pt_testcase3_clm-palm-ctsm1.0.dev040/bld/lnd.bldlog.210822-171432
 ---------------------------------------------------
2021-08-22 17:16:00: case.build starting 
 ---------------------------------------------------
2021-08-22 17:16:53: case.build error 
ERROR: BUILD FAIL: buildexe failed, cat /usr/users/yfan1/cesm/exeroot/1x1pt_testcase3_clm-palm-ctsm1.0.dev040/bld/cesm.bldlog.210822-171600
 ---------------------------------------------------
2021-08-22 17:43:05: case.build starting 
 ---------------------------------------------------
2021-08-22 17:43:16: case.build error 
ERROR: BUILD FAIL: clm.buildlib failed, cat /usr/users/yfan1/cesm/exeroot/1x1pt_testcase3_clm-palm-ctsm1.0.dev040/bld/lnd.bldlog.210822-174305
 ---------------------------------------------------
2021-08-22 17:51:41: case.build starting 
 ---------------------------------------------------
2021-08-22 17:51:47: case.build error 
ERROR: BUILD FAIL: clm.buildlib failed, cat /usr/users/yfan1/cesm/exeroot/1x1pt_testcase3_clm-palm-ctsm1.0.dev040/bld/lnd.bldlog.210822-175141
 ---------------------------------------------------
2021-08-22 18:01:06: case.build starting 
 ---------------------------------------------------
2021-08-22 18:01:12: case.build error 
ERROR: BUILD FAIL: clm.buildlib failed, cat /usr/users/yfan1/cesm/exeroot/1x1pt_testcase3_clm-palm-ctsm1.0.dev040/bld/lnd.bldlog.210822-180106
 ---------------------------------------------------
2021-08-22 18:02:47: case.build starting 
 ---------------------------------------------------
2021-08-22 18:02:53: case.build error 
ERROR: BUILD FAIL: clm.buildlib failed, cat /usr/users/yfan1/cesm/exeroot/1x1pt_testcase3_clm-palm-ctsm1.0.dev040/bld/lnd.bldlog.210822-180247
 ---------------------------------------------------
2021-08-22 18:06:00: case.build starting 
 ---------------------------------------------------
2021-08-22 18:06:06: case.build error 
ERROR: BUILD FAIL: clm.buildlib failed, cat /usr/users/yfan1/cesm/exeroot/1x1pt_testcase3_clm-palm-ctsm1.0.dev040/bld/lnd.bldlog.210822-180600
 ---------------------------------------------------
2021-08-22 18:06:41: case.build starting 
 ---------------------------------------------------
2021-08-22 18:06:46: case.build error 
ERROR: BUILD FAIL: clm.buildlib failed, cat /usr/users/yfan1/cesm/exeroot/1x1pt_testcase3_clm-palm-ctsm1.0.dev040/bld/lnd.bldlog.210822-180641
 ---------------------------------------------------
2021-08-22 18:08:10: case.build starting 
 ---------------------------------------------------
2021-08-22 18:08:17: case.build error 
ERROR: BUILD FAIL: clm.buildlib failed, cat /usr/users/yfan1/cesm/exeroot/1x1pt_testcase3_clm-palm-ctsm1.0.dev040/bld/lnd.bldlog.210822-180811
 ---------------------------------------------------
2021-08-22 18:12:50: case.build starting 
 ---------------------------------------------------
2021-08-22 18:12:56: case.build error 
ERROR: BUILD FAIL: clm.buildlib failed, cat /usr/users/yfan1/cesm/exeroot/1x1pt_testcase3_clm-palm-ctsm1.0.dev040/bld/lnd.bldlog.210822-181250
 ---------------------------------------------------
2021-08-22 18:17:37: case.build starting 
 ---------------------------------------------------
2021-08-22 18:17:43: case.build error 
ERROR: BUILD FAIL: clm.buildlib failed, cat /usr/users/yfan1/cesm/exeroot/1x1pt_testcase3_clm-palm-ctsm1.0.dev040/bld/lnd.bldlog.210822-181738
 ---------------------------------------------------
2021-08-22 18:27:23: case.build starting 
 ---------------------------------------------------
2021-08-22 18:27:29: case.build error 
ERROR: BUILD FAIL: clm.buildlib failed, cat /usr/users/yfan1/cesm/exeroot/1x1pt_testcase3_clm-palm-ctsm1.0.dev040/bld/lnd.bldlog.210822-182723
 ---------------------------------------------------
2021-08-22 18:31:58: case.build starting 
 ---------------------------------------------------
2021-08-22 18:32:04: case.build error 
ERROR: BUILD FAIL: clm.buildlib failed, cat /usr/users/yfan1/cesm/exeroot/1x1pt_testcase3_clm-palm-ctsm1.0.dev040/bld/lnd.bldlog.210822-183158
 ---------------------------------------------------
2021-08-22 18:40:34: case.build starting 
 ---------------------------------------------------
2021-08-22 18:40:40: case.build error 
ERROR: BUILD FAIL: clm.buildlib failed, cat /usr/users/yfan1/cesm/exeroot/1x1pt_testcase3_clm-palm-ctsm1.0.dev040/bld/lnd.bldlog.210822-184034
 ---------------------------------------------------
2021-08-22 18:42:01: case.build starting 
 ---------------------------------------------------
2021-08-22 18:42:07: case.build error 
ERROR: BUILD FAIL: clm.buildlib failed, cat /usr/users/yfan1/cesm/exeroot/1x1pt_testcase3_clm-palm-ctsm1.0.dev040/bld/lnd.bldlog.210822-184201
 ---------------------------------------------------
2021-08-22 18:44:29: case.build starting 
 ---------------------------------------------------
2021-08-22 18:44:54: case.build error 
ERROR: BUILD FAIL: buildexe failed, cat /usr/users/yfan1/cesm/exeroot/1x1pt_testcase3_clm-palm-ctsm1.0.dev040/bld/cesm.bldlog.210822-184430
 ---------------------------------------------------
2021-08-22 18:51:15: case.build starting 
 ---------------------------------------------------
2021-08-22 18:51:21: case.build error 
ERROR: BUILD FAIL: clm.buildlib failed, cat /usr/users/yfan1/cesm/exeroot/1x1pt_testcase3_clm-palm-ctsm1.0.dev040/bld/lnd.bldlog.210822-185115
 ---------------------------------------------------
2022-04-19 05:52:27: build.clean starting 
 ---------------------------------------------------
2022-04-19 05:52:27: build.clean success 
 ---------------------------------------------------
2022-04-19 05:52:35: setup.clean starting 
 ---------------------------------------------------
2022-04-19 05:52:35: setup.clean success 
 ---------------------------------------------------
2022-04-19 05:56:59: case.setup starting 
 ---------------------------------------------------
2022-04-19 05:57:11: case.setup error 
ERROR: module command module -q load subversion intel-parallel-studio intel netcdf-c netcdf-fortran intel-mpi hdf5 netcdf-c netcdf-fortran failed with message:
Lmod has detected the following error: These module(s) or extension(s) exist but cannot be loaded as requested:
"intel-mpi"
   Try: "module spider intel-mpi" to see how to load the module(s).
 ---------------------------------------------------
2022-04-19 05:59:48: case.setup starting 
 ---------------------------------------------------
2022-04-19 05:59:50: case.setup error 
ERROR: module command module -q load subversion intel-parallel-studio intel netcdf-c netcdf-fortran intel-mpi hdf5 netcdf-c netcdf-fortran failed with message:
Lmod has detected the following error: These module(s) or extension(s) exist but cannot be loaded as requested:
"intel-mpi"
   Try: "module spider intel-mpi" to see how to load the module(s).
 ---------------------------------------------------
2022-04-19 06:03:12: case.setup starting 
 ---------------------------------------------------
2022-04-19 06:03:15: case.setup success 
 ---------------------------------------------------
2022-04-19 06:03:21: case.build starting 
 ---------------------------------------------------
2022-04-19 06:03:25: case.build error 
ERROR: /home/uni05/yfan1/clm_efforts_palm/cime/src/build_scripts/buildlib.mct FAILED, cat /usr/users/yfan1/cesm/exeroot/1x1pt_testcase3_clm-palm-ctsm1.0.dev040/bld/mct.bldlog.220419-060321
 ---------------------------------------------------
2022-04-19 06:05:54: build.clean starting 
 ---------------------------------------------------
2022-04-19 06:05:54: build.clean success 
 ---------------------------------------------------
2022-04-19 06:06:00: case.build starting 
 ---------------------------------------------------
2022-04-19 06:06:04: case.build error 
ERROR: /home/uni05/yfan1/clm_efforts_palm/cime/src/build_scripts/buildlib.gptl FAILED, cat /usr/users/yfan1/cesm/exeroot/1x1pt_testcase3_clm-palm-ctsm1.0.dev040/bld/gptl.bldlog.220419-060600
 ---------------------------------------------------
2022-04-19 06:11:15: build.clean starting 
 ---------------------------------------------------
2022-04-19 06:11:15: build.clean success 
 ---------------------------------------------------
2022-04-19 06:11:19: case.build starting 
 ---------------------------------------------------
CESM version is ctsm1.0.dev040-23-g2648f36
Processing externals description file : Externals.cfg
Processing externals description file : Externals_CISM.cfg
Processing externals description file : Externals_CLM.cfg
Checking status of externals: cism, source_cism, clm, fates, ptclm, mosart, cime, rtm, 
    ./cime
        clean sandbox, on ctsm/ctsm1.0/cime5.7.9/n05
    ./components/cism
        clean sandbox, on release-cesm2.0.04
    ./components/cism/source_cism
        clean sandbox, on release-cism2.1.03
    ./components/mosart
        clean sandbox, on nldas-grid.n01_mosart1_0_31
    ./components/rtm
        clean sandbox, on release-cesm2.0.00
    ./src/fates
        clean sandbox, on fates_s1.8.1_a3.0.0_rev2
    ./tools/PTCLM
        clean sandbox, on PTCLM2_180611
2022-04-19 06:16:14: case.build success 
 ---------------------------------------------------
2022-04-19 06:22:22: case.submit starting 
 ---------------------------------------------------
2022-04-19 06:22:31: case.submit success case.run:11900097, case.st_archive:11900098
 ---------------------------------------------------
2022-04-19 06:22:33: case.run starting 
 ---------------------------------------------------
2022-04-19 06:22:38: model execution starting 
 ---------------------------------------------------
2022-04-19 06:22:39: model execution success 
 ---------------------------------------------------
2022-04-19 06:22:39: case.run error 
ERROR: RUN FAIL: Command 'mpiexec  -np 1  /usr/users/yfan1/cesm/exeroot/1x1pt_testcase3_clm-palm-ctsm1.0.dev040/bld/cesm.exe  >> cesm.log.$LID 2>&1 ' failed
See log file for details: /usr/users/yfan1/cesm/exeroot/1x1pt_testcase3_clm-palm-ctsm1.0.dev040/run/cesm.log.11900097.220419-062233
 ---------------------------------------------------
2022-04-19 06:25:50: case.submit starting 
 ---------------------------------------------------
2022-04-19 06:25:58: case.submit success case.run:11900099, case.st_archive:11900100
 ---------------------------------------------------
2022-04-19 06:26:00: case.run starting 
 ---------------------------------------------------
2022-04-19 06:26:05: model execution starting 
 ---------------------------------------------------
2022-04-19 06:28:23: model execution success 
 ---------------------------------------------------
2022-04-19 06:28:23: case.run error 
ERROR: RUN FAIL: Command 'mpiexec  -np 1  /usr/users/yfan1/cesm/exeroot/1x1pt_testcase3_clm-palm-ctsm1.0.dev040/bld/cesm.exe  >> cesm.log.$LID 2>&1 ' failed
See log file for details: /usr/users/yfan1/cesm/exeroot/1x1pt_testcase3_clm-palm-ctsm1.0.dev040/run/cesm.log.11900099.220419-062600
 ---------------------------------------------------
2022-04-19 08:10:22: case.submit starting 
 ---------------------------------------------------
2022-04-19 08:10:31: case.submit success case.run:11900110, case.st_archive:11900111
 ---------------------------------------------------
2022-04-19 08:10:32: case.run starting 
 ---------------------------------------------------
2022-04-19 08:10:37: model execution starting 
 ---------------------------------------------------
2022-04-19 08:12:49: model execution success 
 ---------------------------------------------------
2022-04-19 08:12:49: case.run error 
ERROR: RUN FAIL: Command 'mpiexec  -np 1  /usr/users/yfan1/cesm/exeroot/1x1pt_testcase3_clm-palm-ctsm1.0.dev040/bld/cesm.exe  >> cesm.log.$LID 2>&1 ' failed
See log file for details: /usr/users/yfan1/cesm/exeroot/1x1pt_testcase3_clm-palm-ctsm1.0.dev040/run/cesm.log.11900110.220419-081032
 ---------------------------------------------------
2022-04-19 08:48:57: case.submit starting 
 ---------------------------------------------------
2022-04-19 08:49:06: case.submit success case.run:11900116, case.st_archive:11900117
 ---------------------------------------------------
2022-04-19 08:49:07: case.run starting 
 ---------------------------------------------------
2022-04-19 08:49:12: model execution starting 
 ---------------------------------------------------
2022-04-19 08:58:00: model execution success 
 ---------------------------------------------------
2022-04-19 08:58:00: case.run error 
ERROR: RUN FAIL: Command 'mpiexec  -np 1  /usr/users/yfan1/cesm/exeroot/1x1pt_testcase3_clm-palm-ctsm1.0.dev040/bld/cesm.exe  >> cesm.log.$LID 2>&1 ' failed
See log file for details: /usr/users/yfan1/cesm/exeroot/1x1pt_testcase3_clm-palm-ctsm1.0.dev040/run/cesm.log.11900116.220419-084907
 ---------------------------------------------------
2022-04-19 09:09:00: case.submit starting 
 ---------------------------------------------------
2022-04-19 09:09:09: case.submit success case.run:11900121, case.st_archive:11900122
 ---------------------------------------------------
2022-04-19 09:54:35: case.run starting 
 ---------------------------------------------------
2022-04-19 09:54:42: model execution starting 
 ---------------------------------------------------
2022-04-19 10:03:40: model execution success 
 ---------------------------------------------------
2022-04-19 10:03:40: case.run error 
ERROR: RUN FAIL: Command 'mpiexec  -np 1  /usr/users/yfan1/cesm/exeroot/1x1pt_testcase3_clm-palm-ctsm1.0.dev040/bld/cesm.exe  >> cesm.log.$LID 2>&1 ' failed
See log file for details: /usr/users/yfan1/cesm/exeroot/1x1pt_testcase3_clm-palm-ctsm1.0.dev040/run/cesm.log.11900121.220419-095435
 ---------------------------------------------------
2022-04-20 08:12:57: case.submit starting 
 ---------------------------------------------------
2022-04-20 08:13:11: case.submit error 
ERROR: module command module -q load rev/20.12 subversion intel-parallel-studio intel netcdf-c netcdf-fortran intel-mpi hdf5 netcdf-c netcdf-fortran failed with message:
Lmod has detected the following error: These module(s) or extension(s) exist but cannot be loaded as requested: "openmpi/4.1.1"
   Try: "module spider openmpi/4.1.1" to see how to load the module(s).
 ---------------------------------------------------
2022-04-20 08:14:57: case.submit starting 
 ---------------------------------------------------
2022-04-20 08:15:00: case.submit error 
ERROR: module command module -q load rev/20.12 subversion intel-parallel-studio intel netcdf-c netcdf-fortran intel-mpi hdf5 netcdf-c netcdf-fortran failed with message:
Lmod has detected the following error: These module(s) or extension(s) exist but cannot be loaded as requested: "openmpi/4.1.1"
   Try: "module spider openmpi/4.1.1" to see how to load the module(s).
 ---------------------------------------------------
2022-04-20 08:41:24: case.submit starting 
 ---------------------------------------------------
2022-04-20 08:41:33: case.submit success case.run:11905830, case.st_archive:11905831
 ---------------------------------------------------
2022-04-20 08:41:36: case.run starting 
 ---------------------------------------------------
2022-04-20 08:41:47: case.run error 
ERROR: module command module -q load subversion intel-parallel-studio intel netcdf-c netcdf-fortran intel-mpi hdf5 netcdf-c netcdf-fortran failed with message:
Lmod has detected the following error: These module(s) or extension(s) exist
but cannot be loaded as requested: "openmpi/4.1.1"
   Try: "module spider openmpi/4.1.1" to see how to load the module(s).
 ---------------------------------------------------
2022-04-20 08:42:55: build.clean starting 
 ---------------------------------------------------
2022-04-20 08:42:55: build.clean success 
 ---------------------------------------------------
2022-04-20 08:43:04: setup.clean starting 
 ---------------------------------------------------
2022-04-20 08:43:04: setup.clean success 
 ---------------------------------------------------
2022-04-20 08:43:12: case.setup starting 
 ---------------------------------------------------
2022-04-20 08:43:17: case.setup success 
 ---------------------------------------------------
2022-04-20 08:43:25: case.build starting 
 ---------------------------------------------------
CESM version is ctsm1.0.dev040-23-g2648f36
Processing externals description file : Externals.cfg
Processing externals description file : Externals_CISM.cfg
Processing externals description file : Externals_CLM.cfg
Checking status of externals: cism, source_cism, clm, fates, ptclm, mosart, cime, rtm, 
    ./cime
        clean sandbox, on ctsm/ctsm1.0/cime5.7.9/n05
    ./components/cism
        clean sandbox, on release-cesm2.0.04
    ./components/cism/source_cism
        clean sandbox, on release-cism2.1.03
    ./components/mosart
        clean sandbox, on nldas-grid.n01_mosart1_0_31
    ./components/rtm
        clean sandbox, on release-cesm2.0.00
    ./src/fates
        clean sandbox, on fates_s1.8.1_a3.0.0_rev2
    ./tools/PTCLM
        clean sandbox, on PTCLM2_180611
2022-04-20 08:43:37: case.build success 
 ---------------------------------------------------
2022-04-20 08:46:56: case.submit starting 
 ---------------------------------------------------
2022-04-20 08:46:58: case.submit error 
current limit exceeds maximum limit
 ---------------------------------------------------
2022-04-20 08:47:52: case.submit starting 
 ---------------------------------------------------
2022-04-20 08:47:54: case.submit error 
current limit exceeds maximum limit
 ---------------------------------------------------
2022-04-20 08:48:25: build.clean starting 
 ---------------------------------------------------
2022-04-20 08:48:26: build.clean success 
 ---------------------------------------------------
2022-04-20 08:48:32: build.clean starting 
 ---------------------------------------------------
2022-04-20 08:48:33: build.clean success 
 ---------------------------------------------------
2022-04-20 08:48:43: setup.clean starting 
 ---------------------------------------------------
2022-04-20 08:48:43: setup.clean success 
 ---------------------------------------------------
2022-04-20 08:48:49: case.setup starting 
 ---------------------------------------------------
2022-04-20 08:48:51: case.setup error 
current limit exceeds maximum limit
 ---------------------------------------------------
2022-04-20 08:49:33: case.setup starting 
 ---------------------------------------------------
2022-04-20 08:49:35: case.setup error 
current limit exceeds maximum limit
 ---------------------------------------------------
2022-04-20 08:50:53: case.setup starting 
 ---------------------------------------------------
2022-04-20 08:50:57: case.setup error 
current limit exceeds maximum limit
 ---------------------------------------------------
2022-04-20 08:51:47: case.setup starting 
 ---------------------------------------------------
2022-04-20 08:51:48: case.setup error 
ERROR: module command module -q load subversion intel-parallel-studio intel netcdf-c netcdf-fortran intel-mpi hdf5 netcdf-c netcdf-fortran failed with message:
Lmod has detected the following error: These module(s) or extension(s) exist but cannot be loaded as requested:
"intel-mpi"
   Try: "module spider intel-mpi" to see how to load the module(s).
 ---------------------------------------------------
2022-04-20 08:52:08: case.setup starting 
 ---------------------------------------------------
2022-04-20 08:52:11: case.setup success 
 ---------------------------------------------------
2022-04-20 08:52:18: case.build starting 
 ---------------------------------------------------
2022-04-20 08:52:21: case.build error 
ERROR: /home/uni05/yfan1/clm_efforts_palm/cime/src/build_scripts/buildlib.gptl FAILED, cat /usr/users/yfan1/cesm/exeroot/1x1pt_testcase3_clm-palm-ctsm1.0.dev040/bld/gptl.bldlog.220420-085218
 ---------------------------------------------------
2022-04-20 08:52:39: case.build starting 
 ---------------------------------------------------
CESM version is ctsm1.0.dev040-23-g2648f36
Processing externals description file : Externals.cfg
Processing externals description file : Externals_CISM.cfg
Processing externals description file : Externals_CLM.cfg
Checking status of externals: cism, source_cism, clm, fates, ptclm, mosart, cime, rtm, 
    ./cime
        clean sandbox, on ctsm/ctsm1.0/cime5.7.9/n05
    ./components/cism
        clean sandbox, on release-cesm2.0.04
    ./components/cism/source_cism
        clean sandbox, on release-cism2.1.03
    ./components/mosart
        clean sandbox, on nldas-grid.n01_mosart1_0_31
    ./components/rtm
        clean sandbox, on release-cesm2.0.00
    ./src/fates
        clean sandbox, on fates_s1.8.1_a3.0.0_rev2
    ./tools/PTCLM
        clean sandbox, on PTCLM2_180611
2022-04-20 08:57:29: case.build success 
 ---------------------------------------------------
2022-04-20 08:57:49: case.submit starting 
 ---------------------------------------------------
2022-04-20 08:57:56: case.submit success case.run:11905843, case.st_archive:11905844
 ---------------------------------------------------
2022-04-20 08:58:01: case.run starting 
 ---------------------------------------------------
2022-04-20 08:58:07: model execution starting 
 ---------------------------------------------------
2022-04-20 09:07:12: model execution success 
 ---------------------------------------------------
2022-04-20 09:07:12: case.run error 
ERROR: RUN FAIL: Command 'mpiexec  -np 1  /usr/users/yfan1/cesm/exeroot/1x1pt_testcase3_clm-palm-ctsm1.0.dev040/bld/cesm.exe  >> cesm.log.$LID 2>&1 ' failed
See log file for details: /usr/users/yfan1/cesm/exeroot/1x1pt_testcase3_clm-palm-ctsm1.0.dev040/run/cesm.log.11905843.220420-085801
 ---------------------------------------------------
2022-04-20 09:28:25: case.submit starting 
 ---------------------------------------------------
2022-04-20 09:28:31: case.submit success case.run:11905860, case.st_archive:11905861
 ---------------------------------------------------
2022-04-20 09:28:33: case.run starting 
 ---------------------------------------------------
2022-04-20 09:28:43: case.run error 
ERROR: module command module -q load subversion intel-parallel-studio intel netcdf-c netcdf-fortran intel-mpi hdf5 netcdf-c netcdf-fortran failed with message:
Lmod has detected the following error: These module(s) or extension(s) exist
but cannot be loaded as requested: "openmpi/4.1.1"
   Try: "module spider openmpi/4.1.1" to see how to load the module(s).
 ---------------------------------------------------
2022-04-20 09:35:43: build.clean starting 
 ---------------------------------------------------
2022-04-20 09:35:43: build.clean success 
 ---------------------------------------------------
2022-04-20 09:35:47: build.clean starting 
 ---------------------------------------------------
2022-04-20 09:35:47: build.clean success 
 ---------------------------------------------------
2022-04-20 09:35:52: case.build starting 
 ---------------------------------------------------
CESM version is ctsm1.0.dev040-23-g2648f36
Processing externals description file : Externals.cfg
Processing externals description file : Externals_CISM.cfg
Processing externals description file : Externals_CLM.cfg
Checking status of externals: cism, source_cism, clm, fates, ptclm, mosart, cime, rtm, 
    ./cime
        clean sandbox, on ctsm/ctsm1.0/cime5.7.9/n05
    ./components/cism
        clean sandbox, on release-cesm2.0.04
    ./components/cism/source_cism
        clean sandbox, on release-cism2.1.03
    ./components/mosart
        clean sandbox, on nldas-grid.n01_mosart1_0_31
    ./components/rtm
        clean sandbox, on release-cesm2.0.00
    ./src/fates
        clean sandbox, on fates_s1.8.1_a3.0.0_rev2
    ./tools/PTCLM
        clean sandbox, on PTCLM2_180611
2022-04-20 09:40:38: case.build success 
 ---------------------------------------------------
2022-04-20 09:43:57: case.submit starting 
 ---------------------------------------------------
2022-04-20 09:44:05: case.submit success case.run:11905869, case.st_archive:11905870
 ---------------------------------------------------
2022-04-20 09:44:05: case.run starting 
 ---------------------------------------------------
2022-04-20 09:44:15: case.run error 
ERROR: module command module -q load subversion intel-parallel-studio intel netcdf-c netcdf-fortran intel-mpi hdf5 netcdf-c netcdf-fortran failed with message:
Lmod has detected the following error: These module(s) or extension(s) exist
but cannot be loaded as requested: "openmpi/4.1.1"
   Try: "module spider openmpi/4.1.1" to see how to load the module(s).
 ---------------------------------------------------
2022-04-20 09:48:53: case.submit starting 
 ---------------------------------------------------
2022-04-20 09:48:59: case.submit success case.run:11905872, case.st_archive:11905873
 ---------------------------------------------------
2022-04-20 09:49:01: case.run starting 
 ---------------------------------------------------
2022-04-20 09:49:11: case.run error 
ERROR: module command module -q load subversion intel-parallel-studio intel netcdf-c netcdf-fortran intel-mpi hdf5 netcdf-c netcdf-fortran failed with message:
Lmod has detected the following error: These module(s) or extension(s) exist
but cannot be loaded as requested: "openmpi/4.1.1"
   Try: "module spider openmpi/4.1.1" to see how to load the module(s).
 ---------------------------------------------------
2022-04-20 09:52:15: case.submit starting 
 ---------------------------------------------------
2022-04-20 09:52:21: case.submit success case.run:11905874, case.st_archive:11905875
 ---------------------------------------------------
2022-04-20 09:52:22: case.run starting 
 ---------------------------------------------------
2022-04-20 09:52:27: model execution starting 
 ---------------------------------------------------
2022-04-20 09:54:12: model execution success 
 ---------------------------------------------------
2022-04-20 09:54:12: case.run error 
ERROR: RUN FAIL: Command 'mpiexec  -np 1  /usr/users/yfan1/cesm/exeroot/1x1pt_testcase3_clm-palm-ctsm1.0.dev040/bld/cesm.exe  >> cesm.log.$LID 2>&1 ' failed
See log file for details: /usr/users/yfan1/cesm/exeroot/1x1pt_testcase3_clm-palm-ctsm1.0.dev040/run/cesm.log.11905874.220420-095222
 ---------------------------------------------------
2022-04-20 10:24:01: case.submit starting 
 ---------------------------------------------------
2022-04-20 10:24:04: case.submit error 

 ---------------------------------------------------
2022-04-20 10:24:21: case.submit starting 
 ---------------------------------------------------
2022-04-20 10:24:27: case.submit success case.run:11905913, case.st_archive:11905914
 ---------------------------------------------------
2022-04-20 10:24:28: case.run starting 
 ---------------------------------------------------
2022-04-20 10:24:33: model execution starting 
 ---------------------------------------------------
2022-04-20 10:33:34: model execution success 
 ---------------------------------------------------
2022-04-20 10:33:34: case.run success 
 ---------------------------------------------------
2022-04-20 10:33:47: st_archive starting 
 ---------------------------------------------------
2022-04-20 10:33:51: st_archive success 
 ---------------------------------------------------
